<?xml version="1.0" encoding="UTF-8"?>
<!-- Generated by org.testng.reporters.JUnitReportReporter -->
<testsuite hostname="Anandh-OQ90680" failures="0" tests="1" name="com.example.updatePersonalInfo" time="36.426" errors="0" timestamp="2022-10-02T11:34:14 IST" skipped="0">
  <testcase classname="com.example.updatePersonalInfo" name="f" time="36.426"/>
  <system-out/>
</testsuite> <!-- com.example.updatePersonalInfo -->
