<?xml version="1.0" encoding="UTF-8"?>
<!-- Generated by org.testng.reporters.JUnitReportReporter -->
<testsuite hostname="Anandh-OQ90680" failures="0" tests="1" name="com.example.updatePersonalInfo" time="37.966" errors="0" timestamp="2022-10-18T12:16:16 IST" skipped="0">
  <testcase classname="com.example.updatePersonalInfo" name="f" time="37.966"/>
  <system-out/>
</testsuite> <!-- com.example.updatePersonalInfo -->
