<?xml version="1.0" encoding="UTF-8"?>
<!-- Generated by org.testng.reporters.JUnitReportReporter -->
<testsuite hostname="Anandh-OQ90680" failures="0" tests="1" name="com.example.NavigationTest" time="30.619" errors="0" timestamp="2022-10-18T12:16:16 IST" skipped="0">
  <testcase classname="com.example.NavigationTest" name="f" time="30.619"/>
  <system-out/>
</testsuite> <!-- com.example.NavigationTest -->
